[debug] [2019-05-28T18:09:30.585Z] ----------------------------------------------------------------------
[debug] [2019-05-28T18:09:30.590Z] Command:       /Users/janapc/.nvm/versions/node/v8.16.0/bin/node /Users/janapc/.nvm/versions/node/v8.16.0/bin/firebase deploy --only functions
[debug] [2019-05-28T18:09:30.590Z] CLI Version:   6.6.0
[debug] [2019-05-28T18:09:30.590Z] Platform:      darwin
[debug] [2019-05-28T18:09:30.590Z] Node Version:  v8.16.0
[debug] [2019-05-28T18:09:30.591Z] Time:          Tue May 28 2019 15:09:30 GMT-0300 (-03)
[debug] [2019-05-28T18:09:30.591Z] ----------------------------------------------------------------------
[debug] 
[debug] [2019-05-28T18:09:30.610Z] > command requires scopes: ["email","openid","https://www.googleapis.com/auth/cloudplatformprojects.readonly","https://www.googleapis.com/auth/firebase","https://www.googleapis.com/auth/cloud-platform"]
[debug] [2019-05-28T18:09:30.611Z] > authorizing via signed-in user
[debug] [2019-05-28T18:09:30.611Z] [iam] checking project oraculo-zendesk for permissions ["cloudfunctions.functions.create","cloudfunctions.functions.delete","cloudfunctions.functions.get","cloudfunctions.functions.list","cloudfunctions.functions.update","cloudfunctions.operations.get","firebase.projects.get"]
[debug] [2019-05-28T18:09:30.616Z] >>> HTTP REQUEST POST https://cloudresourcemanager.googleapis.com/v1/projects/oraculo-zendesk:testIamPermissions  

[debug] [2019-05-28T18:09:31.894Z] <<< HTTP RESPONSE 200
[info] 
[info] === Deploying to 'oraculo-zendesk'...
[info] 
[info] i  deploying functions
[debug] [2019-05-28T18:09:37.607Z] > [functions] package.json contents: {
  "name": "sls-df-handler",
  "description": "Cloud Functions for Firebase to handle DialogFlow opperations",
  "version": "0.1.0",
  "main": "index.js",
  "author": "kiina.ai",
  "license": "MIT",
  "private": true,
  "scripts": {
    "lint": "eslint .",
    "serve": "firebase serve --only functions",
    "shell": "firebase functions:shell",
    "start": "npm run shell",
    "deploy": "firebase deploy --only functions",
    "logs": "firebase functions:log",
    "test": "jest specs --coverage",
    "tdd": "jest specs --coverage --watchAll"
  },
  "dependencies": {
    "@google-cloud/pubsub": "^0.28.1",
    "@kiina/ml-processor": "^1.0.3",
    "firebase-admin": "~7.0.0",
    "firebase-functions": "^2.2.0",
    "fs": "0.0.2",
    "path": "^0.12.7",
    "uuid": "^3.3.2"
  },
  "devDependencies": {
    "eslint": "^5.12.0",
    "eslint-plugin-promise": "^4.0.1",
    "jest": "^24.5.0",
    "lodash": "^4.17.11"
  },
  "engines": {
    "node": "8"
  },
  "repository": {
    "type": "git",
    "url": "https://gitlab.com/kiina.ai/platform/sls-df-handler.git"
  }
}
[info] i  functions: ensuring necessary APIs are enabled...
[debug] [2019-05-28T18:09:37.609Z] >>> HTTP REQUEST GET https://servicemanagement.googleapis.com/v1/services/cloudfunctions.googleapis.com/projectSettings/oraculo-zendesk?view=CONSUMER_VIEW  
 
[debug] [2019-05-28T18:09:37.611Z] >>> HTTP REQUEST GET https://servicemanagement.googleapis.com/v1/services/runtimeconfig.googleapis.com/projectSettings/oraculo-zendesk?view=CONSUMER_VIEW  
 
[debug] [2019-05-28T18:09:38.573Z] <<< HTTP RESPONSE 200
[debug] [2019-05-28T18:09:39.428Z] <<< HTTP RESPONSE 200
[info] ✔  functions: all necessary APIs are enabled
[debug] [2019-05-28T18:09:39.430Z] >>> HTTP REQUEST GET https://cloudresourcemanager.googleapis.com/v1/projects/oraculo-zendesk  
 
[debug] [2019-05-28T18:09:40.370Z] <<< HTTP RESPONSE 200
[debug] [2019-05-28T18:09:40.371Z] >>> HTTP REQUEST GET https://mobilesdk-pa.googleapis.com/v1/projects/111537770315:getServerAppConfig  
 
[debug] [2019-05-28T18:09:41.326Z] <<< HTTP RESPONSE 200
[info] i  functions: preparing . directory for uploading...
[debug] [2019-05-28T18:09:41.332Z] >>> HTTP REQUEST GET https://runtimeconfig.googleapis.com/v1beta1/projects/oraculo-zendesk/configs  
 
[debug] [2019-05-28T18:09:42.536Z] <<< HTTP RESPONSE 200
[info] i  functions: packaged . (83.64 KB) for uploading
[debug] [2019-05-28T18:09:43.720Z] >>> HTTP REQUEST POST https://cloudfunctions.googleapis.com/v1/projects/oraculo-zendesk/locations/us-central1/functions:generateUploadUrl  
 
[debug] [2019-05-28T18:09:45.066Z] <<< HTTP RESPONSE 200
[debug] [2019-05-28T18:09:45.067Z] >>> HTTP REQUEST PUT https://storage.googleapis.com/gcf-upload-us-central1-fb576528-9c3f-4811-bc0f-42394775e482/78af9c9b-191b-479b-bbb8-548f66b259cd.zip?GoogleAccessId=service-111537770315@gcf-admin-robot.iam.gserviceaccount.com&Expires=1559068784&Signature=OaOrrkzm58LOw7kzpNkSh8laqv%2FhIVPhLWXD9Iht9gMgYKEg5hcYEBZwNq39DLJ1%2Fi4to2jQ%2Bvk3N6Gt0RHjJLHcFjrBaBFRwQTL6lA1bDLEYAUvoc5yU72JUPdGqvF%2FHjvEBwSES2L9cc81%2FcXg5VxGr0rz3N%2BIcRnhJBB1IuWHxM306FQgQV9tl07r3Tb0qSFVTRfJub3eXj1bUpYeYKTEQd76rSl%2FfKZf%2BZqvGiIi%2BEEMiymPoOtsBVH7XTzAw%2Fv%2BKv8oE%2FAOFrhhTzRI97LwvnNONK%2Fo64Hn8%2FN8e5hTwR7VTaDTZtL3fk8dum5SiSLEgs41RPHzWzmluFAJ6Q%3D%3D  

[debug] [2019-05-28T18:09:45.739Z] <<< HTTP RESPONSE 200
[info] ✔  functions: . folder uploaded successfully
[debug] [2019-05-28T18:09:45.743Z] >>> HTTP REQUEST GET https://cloudfunctions.googleapis.com/v1/projects/oraculo-zendesk/locations/-/functions  
 
[debug] [2019-05-28T18:09:47.162Z] <<< HTTP RESPONSE 200
[info] i  functions: updating Node.js 8 function dfProcessText(us-central1)...
[debug] [2019-05-28T18:09:47.168Z] Trigger is:  {"eventTrigger":{"resource":"projects/oraculo-zendesk/topics/df-process-text","eventType":"google.pubsub.topic.publish","service":"pubsub.googleapis.com"}}
[info] 
The following functions are found in your project but do not exist in your local source code:
	api(us-central1)
	bigQuerySaveActivity(us-central1)
	listenerDfProcessTextSuccess(us-central1)
	listenerMessengerExtractMessagesSuccess(us-central1)
	listenerMessengerSendMessageSuccess(us-central1)
	listenerSerasaEmailRulesPaidnotupdateSuccess(us-central1)
	listenerSerasaEmailRulesSuccess(us-central1)
	listenerSerasaMpmeFormatTicketCommentSuccess(us-central1)
	listenerSerasaMpmeFormatTicketTagsSuccess(us-central1)
	listenerWebuiFormatOutgoingMessageSuccess(us-central1)
	listenerWebuiIncomingSuccess(us-central1)
	listenerWebuiOutgoingSuccess(us-central1)
	listenerWebuiReadMessageSuccess(us-central1)
	listenerZendeskGetTicketCommentsSuccess(us-central1)
	listenerZendeskSearchSuccess(us-central1)
	listenerZendeskUpdateTicketSuccess(us-central1)
	listenerZendeskWebhookSuccess(us-central1)
	messengerIncoming(us-central1)
	messengerSendMessage(us-central1)
	serasaEmailRules(us-central1)
	serasaEmailRulesPaidNotUpdate(us-central1)
	serasaMPMEFormatTicketComment(us-central1)
	serasaMPMEFormatTicketTags(us-central1)
	webuiIncoming(us-central1)
	webuiOutgoing(us-central1)
	zendeskGetTicketComments(us-central1)
	zendeskSearch(us-central1)
	zendeskUpdateTicket(us-central1)
	zendeskWebhook(us-central1)

If you are renaming a function or changing its region, it is recommended that you create the new function first before deleting the old one to prevent event loss. For more info, visit https://firebase.google.com/docs/functions/manage-functions#modify

[info] i  functions: continuing with other deployments.
[debug] [2019-05-28T18:09:50.260Z] >>> HTTP REQUEST PATCH https://cloudfunctions.googleapis.com/v1/projects/oraculo-zendesk/locations/us-central1/functions/dfProcessText {"updateMask":"sourceUploadUrl,name,labels,runtime,eventTrigger.resource,eventTrigger.eventType,eventTrigger.service"} 

[debug] [2019-05-28T18:09:50.723Z] <<< HTTP RESPONSE 200
[debug] [2019-05-28T18:09:50.726Z] >>> HTTP REQUEST GET https://cloudfunctions.googleapis.com/v1/operations/b3JhY3Vsby16ZW5kZXNrL3VzLWNlbnRyYWwxL2RmUHJvY2Vzc1RleHQvem1OZDNRQ0ZuQ00  
 
[debug] [2019-05-28T18:09:51.956Z] <<< HTTP RESPONSE 200
[debug] [2019-05-28T18:09:53.962Z] >>> HTTP REQUEST GET https://cloudfunctions.googleapis.com/v1/operations/b3JhY3Vsby16ZW5kZXNrL3VzLWNlbnRyYWwxL2RmUHJvY2Vzc1RleHQvem1OZDNRQ0ZuQ00  
 
[debug] [2019-05-28T18:09:54.282Z] <<< HTTP RESPONSE 200
[debug] [2019-05-28T18:09:56.283Z] >>> HTTP REQUEST GET https://cloudfunctions.googleapis.com/v1/operations/b3JhY3Vsby16ZW5kZXNrL3VzLWNlbnRyYWwxL2RmUHJvY2Vzc1RleHQvem1OZDNRQ0ZuQ00  
 
[debug] [2019-05-28T18:09:57.485Z] <<< HTTP RESPONSE 200
[debug] [2019-05-28T18:09:59.488Z] >>> HTTP REQUEST GET https://cloudfunctions.googleapis.com/v1/operations/b3JhY3Vsby16ZW5kZXNrL3VzLWNlbnRyYWwxL2RmUHJvY2Vzc1RleHQvem1OZDNRQ0ZuQ00  
 
[debug] [2019-05-28T18:09:59.843Z] <<< HTTP RESPONSE 200
[debug] [2019-05-28T18:10:01.843Z] >>> HTTP REQUEST GET https://cloudfunctions.googleapis.com/v1/operations/b3JhY3Vsby16ZW5kZXNrL3VzLWNlbnRyYWwxL2RmUHJvY2Vzc1RleHQvem1OZDNRQ0ZuQ00  
 
[debug] [2019-05-28T18:10:03.017Z] <<< HTTP RESPONSE 200
[debug] [2019-05-28T18:10:05.023Z] >>> HTTP REQUEST GET https://cloudfunctions.googleapis.com/v1/operations/b3JhY3Vsby16ZW5kZXNrL3VzLWNlbnRyYWwxL2RmUHJvY2Vzc1RleHQvem1OZDNRQ0ZuQ00  
 
[debug] [2019-05-28T18:10:05.372Z] <<< HTTP RESPONSE 200
[debug] [2019-05-28T18:10:07.376Z] >>> HTTP REQUEST GET https://cloudfunctions.googleapis.com/v1/operations/b3JhY3Vsby16ZW5kZXNrL3VzLWNlbnRyYWwxL2RmUHJvY2Vzc1RleHQvem1OZDNRQ0ZuQ00  
 
[debug] [2019-05-28T18:10:08.649Z] <<< HTTP RESPONSE 200
[debug] [2019-05-28T18:10:10.651Z] >>> HTTP REQUEST GET https://cloudfunctions.googleapis.com/v1/operations/b3JhY3Vsby16ZW5kZXNrL3VzLWNlbnRyYWwxL2RmUHJvY2Vzc1RleHQvem1OZDNRQ0ZuQ00  
 
[debug] [2019-05-28T18:10:11.926Z] <<< HTTP RESPONSE 200
